<?xml version='1.0' encoding='UTF-8'?>
<testsuite hostname="HP" name="com.cloudxlab.logparsing.SampleTest" tests="2" errors="0" failures="0" skipped="0" time="4.975" timestamp="2020-05-25T01:27:51">
                     <properties>
[...]
</properties>
                     <testcase classname="com.cloudxlab.logparsing.SampleTest" name="Computing top10" time="4.584">
                                                 
                                               </testcase><testcase classname="com.cloudxlab.logparsing.SampleTest" name="Should remove IP addresses having 1st Octet Decimal more than 126" time="0.391">
                                                 
                                               </testcase>
                     <system-out><![CDATA[]]></system-out>
                     <system-err><![CDATA[]]></system-err>
                   </testsuite>